<?xml version="1.0" encoding="UTF-8"?>
<testsuite xmlns:xsi="http://www.w3.org/2001/XMLSchema-instance" xsi:noNamespaceSchemaLocation="https://maven.apache.org/surefire/maven-surefire-plugin/xsd/surefire-test-report-3.0.xsd" version="3.0" name="com.test.TestRunner" time="25.411" tests="4" errors="0" skipped="0" failures="0">
  <properties>
[...]
</properties>
  <testcase name="Verify the login using valid username and invalid password" classname="Verify the Hotel booking in Adactin" time="8.643">
    <system-out><![CDATA[
Scenario: Verify the login using valid username and invalid password &amp#27;[90m# src/test/resources/FeatureFile/Adactin.feature:3&amp#27;[0m
  &amp#27;[32mGiven &amp#27;[0m&amp#27;[32mUser is on Adactin login page&amp#27;[0m                                &amp#27;[90m# com.step.StepDef.user_is_on_adactin_login_page()&amp#27;[0m
  &amp#27;[32mWhen &amp#27;[0m&amp#27;[32mUser enters &amp#27;[0m&amp#27;[32m&amp#27;[1m"Rakeshg6199"&amp#27;[0m&amp#27;[32m and &amp#27;[0m&amp#27;[32m&amp#27;[1m"Rakesh123"&amp#27;[0m                     &amp#27;[90m# com.step.StepDef.user_enters_and(java.lang.String,java.lang.String)&amp#27;[0m
  &amp#27;[32mAnd &amp#27;[0m&amp#27;[32mUser Clicks on login button&amp#27;[0m                                    &amp#27;[90m# com.step.StepDef.user_clicks_on_login_button()&amp#27;[0m
Launched
  &amp#27;[32mThen &amp#27;[0m&amp#27;[32mUser sees Search Hotel page&amp#27;[0m                                   &amp#27;[90m# com.step.StepDef.user_sees_search_hotel_page()&amp#27;[0m
]]></system-out>
    <system-err><![CDATA[SLF4J: Failed to load class "org.slf4j.impl.StaticLoggerBinder".
SLF4J: Defaulting to no-operation (NOP) logger implementation
SLF4J: See http://www.slf4j.org/codes.html#StaticLoggerBinder for further details.
Starting ChromeDriver 111.0.5563.64 (c710e93d5b63b7095afe8c2c17df34408078439d-refs/branch-heads/5563@{#995}) on port 35773
Only local connections are allowed.
Please see https://chromedriver.chromium.org/security-considerations for suggestions on keeping ChromeDriver safe.
ChromeDriver was started successfully.
[1683272504.224][WARNING]: This version of ChromeDriver has not been tested with Chrome version 112.
]]></system-err>
  </testcase>
  <testcase name="User Search for the hotel" classname="Verify the Hotel booking in Adactin" time="3.217">
    <system-out><![CDATA[
Scenario: User Search for the hotel                                     &amp#27;[90m# src/test/resources/FeatureFile/Adactin.feature:13&amp#27;[0m
Search page
  &amp#27;[32mGiven &amp#27;[0m&amp#27;[32mUser is on search page&amp#27;[0m                                          &amp#27;[90m# com.step.StepDef.user_is_on_search_page()&amp#27;[0m
  &amp#27;[32mWhen &amp#27;[0m&amp#27;[32mUser selects &amp#27;[0m&amp#27;[32m&amp#27;[1m"Melbourne"&amp#27;[0m&amp#27;[32m location&amp#27;[0m                                &amp#27;[90m# com.step.StepDef.user_selects_location(java.lang.String)&amp#27;[0m
  &amp#27;[32mAnd &amp#27;[0m&amp#27;[32mUser selects &amp#27;[0m&amp#27;[32m&amp#27;[1m"Hotel Sunshine"&amp#27;[0m&amp#27;[32m hotels&amp#27;[0m                              &amp#27;[90m# com.step.StepDef.user_selects_hotels(java.lang.String)&amp#27;[0m
  &amp#27;[32mAnd &amp#27;[0m&amp#27;[32mUser selects &amp#27;[0m&amp#27;[32m&amp#27;[1m"Double"&amp#27;[0m&amp#27;[32m room type&amp#27;[0m                                   &amp#27;[90m# com.step.StepDef.user_selects_room_type(java.lang.String)&amp#27;[0m
  &amp#27;[32mAnd &amp#27;[0m&amp#27;[32mUser selects &amp#27;[0m&amp#27;[32m&amp#27;[1m"3 - Three"&amp#27;[0m&amp#27;[32m of rooms&amp#27;[0m                                 &amp#27;[90m# com.step.StepDef.user_selects_of_rooms(java.lang.String)&amp#27;[0m
  &amp#27;[32mAnd &amp#27;[0m&amp#27;[32mUser enters &amp#27;[0m&amp#27;[32m&amp#27;[1m"06/05/2023"&amp#27;[0m&amp#27;[32m check-In and &amp#27;[0m&amp#27;[32m&amp#27;[1m"08/05/2023"&amp#27;[0m&amp#27;[32m Check-out date&amp#27;[0m &amp#27;[90m# com.step.StepDef.user_enters_check_in_and_check_out_date(java.lang.String,java.lang.String)&amp#27;[0m
  &amp#27;[32mAnd &amp#27;[0m&amp#27;[32mUser selects &amp#27;[0m&amp#27;[32m&amp#27;[1m"3 - Three"&amp#27;[0m&amp#27;[32m adults and children &amp#27;[0m&amp#27;[32m&amp#27;[1m"2 - Two"&amp#27;[0m&amp#27;[32m per room&amp#27;[0m   &amp#27;[90m# com.step.StepDef.user_selects_adults_and_children_per_room(java.lang.String,java.lang.String)&amp#27;[0m
  &amp#27;[32mAnd &amp#27;[0m&amp#27;[32mUser clicks on search button&amp#27;[0m                                      &amp#27;[90m# com.step.StepDef.user_clicks_on_search_button()&amp#27;[0m
USer sees select hotel page
  &amp#27;[32mThen &amp#27;[0m&amp#27;[32mUser should see select hotel page&amp#27;[0m                                &amp#27;[90m# com.step.StepDef.user_should_see_select_hotel_page()&amp#27;[0m
]]></system-out>
  </testcase>
  <testcase name="User Select for the hotel" classname="Verify the Hotel booking in Adactin" time="0.694">
    <system-out><![CDATA[
Scenario: User Select for the hotel        &amp#27;[90m# src/test/resources/FeatureFile/Adactin.feature:33&amp#27;[0m
User is on select page
  &amp#27;[32mGiven &amp#27;[0m&amp#27;[32mUser is on select page&amp#27;[0m             &amp#27;[90m# com.step.StepDef.user_is_on_select_page()&amp#27;[0m
  &amp#27;[32mWhen &amp#27;[0m&amp#27;[32mUser click on select hotel checkbox&amp#27;[0m &amp#27;[90m# com.step.StepDef.user_click_on_select_hotel_checkbox()&amp#27;[0m
  &amp#27;[32mAnd &amp#27;[0m&amp#27;[32mUser clicks continue button&amp#27;[0m          &amp#27;[90m# com.step.StepDef.user_clicks_continue_button()&amp#27;[0m
User is on book a  hotel page
  &amp#27;[32mThen &amp#27;[0m&amp#27;[32mUser sees book a hotel&amp#27;[0m              &amp#27;[90m# com.step.StepDef.user_sees_book_a_hotel()&amp#27;[0m
]]></system-out>
  </testcase>
  <testcase name="User books a hotel" classname="Verify the Hotel booking in Adactin" time="8.556">
    <system-out><![CDATA[
Scenario: User books a hotel                            &amp#27;[90m# src/test/resources/FeatureFile/Adactin.feature:43&amp#27;[0m
User is on book hotel page
  &amp#27;[32mGiven &amp#27;[0m&amp#27;[32mUser is on book hotel page&amp#27;[0m                      &amp#27;[90m# com.step.StepDef.user_is_on_book_hotel_page()&amp#27;[0m
  &amp#27;[32mWhen &amp#27;[0m&amp#27;[32mUser Enters &amp#27;[0m&amp#27;[32m&amp#27;[1m"Rakesh"&amp#27;[0m&amp#27;[32m first name&amp#27;[0m                  &amp#27;[90m# com.step.StepDef.user_enters_first_name(java.lang.String)&amp#27;[0m
  &amp#27;[32mAnd &amp#27;[0m&amp#27;[32mUser Enters &amp#27;[0m&amp#27;[32m&amp#27;[1m"Kumar"&amp#27;[0m&amp#27;[32m last name&amp#27;[0m                     &amp#27;[90m# com.step.StepDef.user_enters_last_name(java.lang.String)&amp#27;[0m
  &amp#27;[32mAnd &amp#27;[0m&amp#27;[32mUser Enters &amp#27;[0m&amp#27;[32m&amp#27;[1m"abc"&amp#27;[0m&amp#27;[32m address&amp#27;[0m                         &amp#27;[90m# com.step.StepDef.user_enters_address(java.lang.String)&amp#27;[0m
  &amp#27;[32mAnd &amp#27;[0m&amp#27;[32mUser Enters Credit card &amp#27;[0m&amp#27;[32m&amp#27;[1m"1234567891234567"&amp#27;[0m&amp#27;[32m number&amp#27;[0m &amp#27;[90m# com.step.StepDef.user_enters_credit_card_number(java.lang.String)&amp#27;[0m
  &amp#27;[32mAnd &amp#27;[0m&amp#27;[32mUser selects credit card &amp#27;[0m&amp#27;[32m&amp#27;[1m"Master Card"&amp#27;[0m&amp#27;[32m type&amp#27;[0m       &amp#27;[90m# com.step.StepDef.user_selects_credit_card_type(java.lang.String)&amp#27;[0m
  &amp#27;[32mAnd &amp#27;[0m&amp#27;[32mUser select expiry &amp#27;[0m&amp#27;[32m&amp#27;[1m"February"&amp#27;[0m&amp#27;[32m and &amp#27;[0m&amp#27;[32m&amp#27;[1m"2022"&amp#27;[0m          &amp#27;[90m# com.step.StepDef.user_select_expiry_and(java.lang.String,java.lang.String)&amp#27;[0m
  &amp#27;[32mAnd &amp#27;[0m&amp#27;[32mUser enters CVV &amp#27;[0m&amp#27;[32m&amp#27;[1m"123"&amp#27;[0m&amp#27;[32m Number&amp#27;[0m                      &amp#27;[90m# com.step.StepDef.user_enters_cvv_number(java.lang.String)&amp#27;[0m
  &amp#27;[32mAnd &amp#27;[0m&amp#27;[32mUser clicks book now button&amp#27;[0m                       &amp#27;[90m# com.step.StepDef.user_clicks_book_now_button()&amp#27;[0m
9C2PU40PWW
  &amp#27;[32mThen &amp#27;[0m&amp#27;[32mUser gets the order id&amp#27;[0m                           &amp#27;[90m# com.step.StepDef.user_gets_the_order_id()&amp#27;[0m
]]></system-out>
  </testcase>
</testsuite>